{"D:/Liben/lb-utils/src/index.js": {"path":"D:/Liben/lb-utils/src/index.js","statementMap":{"0":{"start":{"line":3,"column":22},"end":{"line":14,"column":1}},"1":{"start":{"line":4,"column":1},"end":{"line":13,"column":2}},"2":{"start":{"line":5,"column":15},"end":{"line":5,"column":32}},"3":{"start":{"line":7,"column":3},"end":{"line":9,"column":4}},"4":{"start":{"line":8,"column":5},"end":{"line":8,"column":16}},"5":{"start":{"line":10,"column":3},"end":{"line":10,"column":15}},"6":{"start":{"line":12,"column":3},"end":{"line":12,"column":15}}},"fnMap":{"0":{"name":"(anonymous_0)","decl":{"start":{"line":3,"column":22},"end":{"line":3,"column":23}},"loc":{"start":{"line":3,"column":33},"end":{"line":14,"column":1}}}},"branchMap":{"0":{"loc":{"start":{"line":7,"column":3},"end":{"line":9,"column":4}},"type":"if","locations":[{"start":{"line":7,"column":3},"end":{"line":9,"column":4}},{"start":{"line":7,"column":3},"end":{"line":9,"column":4}}]},"1":{"loc":{"start":{"line":7,"column":7},"end":{"line":7,"column":37}},"type":"binary-expr","locations":[{"start":{"line":7,"column":7},"end":{"line":7,"column":10}},{"start":{"line":7,"column":14},"end":{"line":7,"column":37}}]}},"s":{"0":1,"1":4,"2":4,"3":2,"4":1,"5":1,"6":2},"f":{"0":4},"b":{"0":[1,1],"1":[2,1]}}
}
